# JRE version: OpenJDK Runtime Environment Temurin-17.0.4.1+1 (17.0.4.1+1) (build 17.0.4.1+1)
# Java VM: OpenJDK 64-Bit Server VM Temurin-17.0.4.1+1 (17.0.4.1+1, mixed mode, emulated-client, tiered, compressed oops, compressed class ptrs, g1 gc, windows-amd64)
GC Precious Log:
 CPUs: 4 total, 4 available
 Memory: 20275M
 Large Page Support: Disabled
 NUMA Support: Disabled
 Compressed Oops: Enabled (Zero based)
 Heap Region Size: 4M
 Heap Min Capacity: 8M
 Heap Initial Capacity: 320M
 Heap Max Capacity: 5072M
 Pre-touch: Disabled
 Parallel Workers: 4
 Concurrent Workers: 1
 Concurrent Refinement Workers: 4
 Periodic GC: Disabled
Heap:
 garbage-first heap   total 98304K, used 36055K [0x00000006c3000000, 0x0000000800000000)
  region size 4096K, 6 young (24576K), 2 survivors (8192K)
 Metaspace       used 60959K, committed 61376K, reserved 1105920K
  class space    used 8086K, committed 8256K, reserved 1048576K
GC Heap History (20 events):
Event: 2.300 GC heap before
{Heap before GC invocations=8 (full 0):
 garbage-first heap   total 57344K, used 38263K [0x00000006c3000000, 0x0000000800000000)
  region size 4096K, 8 young (32768K), 1 survivors (4096K)
 Metaspace       used 28726K, committed 29056K, reserved 1081344K
  class space    used 3344K, committed 3520K, reserved 1048576K
}
Event: 2.304 GC heap after
{Heap after GC invocations=9 (full 0):
 garbage-first heap   total 192512K, used 10894K [0x00000006c3000000, 0x0000000800000000)
  region size 4096K, 1 young (4096K), 1 survivors (4096K)
 Metaspace       used 28726K, committed 29056K, reserved 1081344K
  class space    used 3344K, committed 3520K, reserved 1048576K
}
Event: 3.382 GC heap before
{Heap before GC invocations=9 (full 0):
 garbage-first heap   total 192512K, used 101006K [0x00000006c3000000, 0x0000000800000000)
  region size 4096K, 24 young (98304K), 1 survivors (4096K)
 Metaspace       used 35805K, committed 36160K, reserved 1081344K
  class space    used 4398K, committed 4608K, reserved 1048576K
}
Event: 3.390 GC heap after
{Heap after GC invocations=10 (full 0):
 garbage-first heap   total 192512K, used 14514K [0x00000006c3000000, 0x0000000800000000)
  region size 4096K, 2 young (8192K), 2 survivors (8192K)
 Metaspace       used 35805K, committed 36160K, reserved 1081344K
  class space    used 4398K, committed 4608K, reserved 1048576K
}
Event: 3.750 GC heap before
{Heap before GC invocations=11 (full 0):
 garbage-first heap   total 69632K, used 47282K [0x00000006c3000000, 0x0000000800000000)
  region size 4096K, 10 young (40960K), 2 survivors (8192K)
 Metaspace       used 38351K, committed 38720K, reserved 1089536K
  class space    used 4751K, committed 4928K, reserved 1048576K
}
Event: 3.757 GC heap after
{Heap after GC invocations=12 (full 0):
 garbage-first heap   total 69632K, used 16276K [0x00000006c3000000, 0x0000000800000000)
  region size 4096K, 2 young (8192K), 2 survivors (8192K)
 Metaspace       used 38351K, committed 38720K, reserved 1089536K
  class space    used 4751K, committed 4928K, reserved 1048576K
}
Event: 3.802 GC heap before
{Heap before GC invocations=12 (full 0):
 garbage-first heap   total 69632K, used 20372K [0x00000006c3000000, 0x0000000800000000)
  region size 4096K, 3 young (12288K), 2 survivors (8192K)
 Metaspace       used 38876K, committed 39168K, reserved 1089536K
  class space    used 4804K, committed 4928K, reserved 1048576K
}
Event: 3.811 GC heap after
{Heap after GC invocations=13 (full 0):
 garbage-first heap   total 69632K, used 16549K [0x00000006c3000000, 0x0000000800000000)
  region size 4096K, 1 young (4096K), 1 survivors (4096K)
 Metaspace       used 38876K, committed 39168K, reserved 1089536K
  class space    used 4804K, committed 4928K, reserved 1048576K
}
Event: 4.250 GC heap before
{Heap before GC invocations=13 (full 0):
 garbage-first heap   total 69632K, used 49317K [0x00000006c3000000, 0x0000000800000000)
  region size 4096K, 9 young (36864K), 1 survivors (4096K)
 Metaspace       used 42447K, committed 42816K, reserved 1089536K
  class space    used 5196K, committed 5376K, reserved 1048576K
}
Event: 4.254 GC heap after
{Heap after GC invocations=14 (full 0):
 garbage-first heap   total 69632K, used 16938K [0x00000006c3000000, 0x0000000800000000)
  region size 4096K, 1 young (4096K), 1 survivors (4096K)
 Metaspace       used 42447K, committed 42816K, reserved 1089536K
  class space    used 5196K, committed 5376K, reserved 1048576K
}
Event: 4.651 GC heap before
{Heap before GC invocations=14 (full 0):
 garbage-first heap   total 69632K, used 49706K [0x00000006c3000000, 0x0000000800000000)
  region size 4096K, 9 young (36864K), 1 survivors (4096K)
 Metaspace       used 45554K, committed 45888K, reserved 1089536K
  class space    used 5796K, committed 5952K, reserved 1048576K
}
Event: 4.654 GC heap after
{Heap after GC invocations=15 (full 0):
 garbage-first heap   total 69632K, used 17679K [0x00000006c3000000, 0x0000000800000000)
  region size 4096K, 1 young (4096K), 1 survivors (4096K)
 Metaspace       used 45554K, committed 45888K, reserved 1089536K
  class space    used 5796K, committed 5952K, reserved 1048576K
}
Event: 4.941 GC heap before
{Heap before GC invocations=15 (full 0):
 garbage-first heap   total 69632K, used 50447K [0x00000006c3000000, 0x0000000800000000)
  region size 4096K, 9 young (36864K), 1 survivors (4096K)
 Metaspace       used 48787K, committed 49152K, reserved 1097728K
  class space    used 6250K, committed 6400K, reserved 1048576K
}
Event: 4.944 GC heap after
{Heap after GC invocations=16 (full 0):
 garbage-first heap   total 69632K, used 18159K [0x00000006c3000000, 0x0000000800000000)
  region size 4096K, 1 young (4096K), 1 survivors (4096K)
 Metaspace       used 48787K, committed 49152K, reserved 1097728K
  class space    used 6250K, committed 6400K, reserved 1048576K
}
Event: 5.213 GC heap before
{Heap before GC invocations=16 (full 0):
 garbage-first heap   total 69632K, used 50927K [0x00000006c3000000, 0x0000000800000000)
  region size 4096K, 9 young (36864K), 1 survivors (4096K)
 Metaspace       used 51926K, committed 52352K, reserved 1097728K
  class space    used 6789K, committed 6976K, reserved 1048576K
}
Event: 5.218 GC heap after
{Heap after GC invocations=17 (full 0):
 garbage-first heap   total 200704K, used 18896K [0x00000006c3000000, 0x0000000800000000)
  region size 4096K, 2 young (8192K), 2 survivors (8192K)
 Metaspace       used 51926K, committed 52352K, reserved 1097728K
  class space    used 6789K, committed 6976K, reserved 1048576K
}
Event: 9.522 GC heap before
{Heap before GC invocations=17 (full 0):
 garbage-first heap   total 200704K, used 129488K [0x00000006c3000000, 0x0000000800000000)
  region size 4096K, 29 young (118784K), 2 survivors (8192K)
 Metaspace       used 59762K, committed 60224K, reserved 1105920K
  class space    used 7914K, committed 8128K, reserved 1048576K
}
Event: 9.531 GC heap after
{Heap after GC invocations=18 (full 0):
 garbage-first heap   total 200704K, used 23373K [0x00000006c3000000, 0x0000000800000000)
  region size 4096K, 3 young (12288K), 3 survivors (12288K)
 Metaspace       used 59762K, committed 60224K, reserved 1105920K
  class space    used 7914K, committed 8128K, reserved 1048576K
}
Event: 12.908 GC heap before
{Heap before GC invocations=18 (full 0):
 garbage-first heap   total 200704K, used 23373K [0x00000006c3000000, 0x0000000800000000)
  region size 4096K, 4 young (16384K), 3 survivors (12288K)
 Metaspace       used 60110K, committed 60480K, reserved 1105920K
  class space    used 7950K, committed 8128K, reserved 1048576K
}
Event: 12.924 GC heap after
{Heap after GC invocations=19 (full 0):
 garbage-first heap   total 200704K, used 23767K [0x00000006c3000000, 0x0000000800000000)
  region size 4096K, 2 young (8192K), 2 survivors (8192K)
 Metaspace       used 60110K, committed 60480K, reserved 1105920K
  class space    used 7950K, committed 8128K, reserved 1048576K
}

